 ######################################################
 ##############  MPTinR - no pooling 
 ######################################################

 ######################################################
 ##############  MPTinR - complete pooling 
 ######################################################

 ######################################################
 ##############  TreeBUGS - simple 
 ######################################################

 ######################################################
 ##############  TreeBUGS - simple_pooling 
 ######################################################

 ######################################################
 ##############  TreeBUGS - trait 
 ######################################################

MCMC sampling started at  2018-04-23 21:32:04 
MCMC sampling finished at 2018-04-23 21:38:36 
  Time difference of 6.544087 mins
Drawing additional samples for method =  trait . max(Rhat) =  1.22  ; min(n.eff) =  226 
Drawing additional samples for method =  trait . max(Rhat) =  1.14  ; min(n.eff) =  463 
Drawing additional samples for method =  trait . max(Rhat) =  1.05  ; min(n.eff) =  692 
 ######################################################
 ##############  TreeBUGS - beta 
 ######################################################

MCMC sampling started at  2018-04-23 22:03:34 
 ######################################################
 ##############  TreeBUGS - trait_uncorrelated 
 ######################################################

MCMC sampling started at  2018-04-23 22:08:04 
MCMC sampling finished at 2018-04-23 22:14:23 
  Time difference of 6.330371 mins
