 ######################################################
 ##############  MPTinR - no pooling 
 ######################################################

 ######################################################
 ##############  MPTinR - complete pooling 
 ######################################################

 ######################################################
 ##############  TreeBUGS - simple 
 ######################################################

 ######################################################
 ##############  TreeBUGS - simple_pooling 
 ######################################################

 ######################################################
 ##############  TreeBUGS - trait 
 ######################################################

MCMC sampling started at  2018-04-15 20:40:04 
MCMC sampling finished at 2018-04-15 20:43:32 
  Time difference of 3.462733 mins
Drawing additional samples for method =  trait . max(Rhat) =  1.13  ; min(n.eff) =  189 
Drawing additional samples for method =  trait . max(Rhat) =  1.11  ; min(n.eff) =  375 
Drawing additional samples for method =  trait . max(Rhat) =  1.07  ; min(n.eff) =  560 
 ######################################################
 ##############  TreeBUGS - beta 
 ######################################################

MCMC sampling started at  2018-04-15 20:57:34 
 ######################################################
 ##############  TreeBUGS - trait_uncorrelated 
 ######################################################

MCMC sampling started at  2018-04-15 20:59:51 
