 ######################################################
 ##############  MPTinR - no pooling 
 ######################################################

 ######################################################
 ##############  MPTinR - complete pooling 
 ######################################################

 ######################################################
 ##############  TreeBUGS - simple 
 ######################################################

 ######################################################
 ##############  TreeBUGS - simple_pooling 
 ######################################################

 ######################################################
 ##############  TreeBUGS - trait 
 ######################################################

MCMC sampling started at  2018-04-20 23:24:34 
MCMC sampling finished at 2018-04-20 23:31:52 
  Time difference of 7.290946 mins
Drawing additional samples for method =  trait . max(Rhat) =  1.25  ; min(n.eff) =  75 
 ######################################################
 ##############  TreeBUGS - beta 
 ######################################################

MCMC sampling started at  2018-04-20 23:41:17 
 ######################################################
 ##############  TreeBUGS - trait_uncorrelated 
 ######################################################

MCMC sampling started at  2018-04-20 23:46:02 
MCMC sampling finished at 2018-04-20 23:52:39 
  Time difference of 6.610795 mins
