 ######################################################
 ##############  MPTinR - no pooling 
 ######################################################

 ######################################################
 ##############  MPTinR - complete pooling 
 ######################################################

 ######################################################
 ##############  TreeBUGS - simple 
 ######################################################

 ######################################################
 ##############  TreeBUGS - simple_pooling 
 ######################################################

 ######################################################
 ##############  TreeBUGS - trait 
 ######################################################

MCMC sampling started at  2018-04-16 17:53:30 
MCMC sampling finished at 2018-04-16 17:58:40 
  Time difference of 5.171522 mins
Drawing additional samples for method =  trait . max(Rhat) =  1.08  ; min(n.eff) =  116 
 ######################################################
 ##############  TreeBUGS - beta 
 ######################################################

MCMC sampling started at  2018-04-16 18:05:37 
MCMC sampling finished at 2018-04-16 18:09:15 
  Time difference of 3.639604 mins
 ######################################################
 ##############  TreeBUGS - trait_uncorrelated 
 ######################################################

MCMC sampling started at  2018-04-16 18:10:21 
MCMC sampling finished at 2018-04-16 18:15:01 
  Time difference of 4.665875 mins
