 ######################################################
 ##############  MPTinR - no pooling 
 ######################################################

 ######################################################
 ##############  MPTinR - complete pooling 
 ######################################################

 ######################################################
 ##############  TreeBUGS - simple 
 ######################################################

 ######################################################
 ##############  TreeBUGS - simple_pooling 
 ######################################################

 ######################################################
 ##############  TreeBUGS - trait 
 ######################################################

MCMC sampling started at  2018-04-22 11:22:18 
MCMC sampling finished at 2018-04-22 11:26:57 
  Time difference of 4.655761 mins
Drawing additional samples for method =  trait . max(Rhat) =  1.34  ; min(n.eff) =  88 
Drawing additional samples for method =  trait . max(Rhat) =  1.06  ; min(n.eff) =  165 
Drawing additional samples for method =  trait . max(Rhat) =  1.06  ; min(n.eff) =  232 
 ######################################################
 ##############  TreeBUGS - beta 
 ######################################################

MCMC sampling started at  2018-04-22 11:44:51 
MCMC sampling finished at 2018-04-22 11:48:08 
  Time difference of 3.287417 mins
 ######################################################
 ##############  TreeBUGS - trait_uncorrelated 
 ######################################################

MCMC sampling started at  2018-04-22 11:49:12 
MCMC sampling finished at 2018-04-22 11:53:28 
  Time difference of 4.272722 mins
